{"/Users/onurgeyik/Desktop/bibliu/src/config/config.js": {"path":"/Users/onurgeyik/Desktop/bibliu/src/config/config.js","statementMap":{"0":{"start":{"line":1,"column":0},"end":{"line":39,"column":4}}},"fnMap":{},"branchMap":{},"s":{"0":4},"f":{},"b":{},"_coverageSchema":"1a1c01bbd47fc00a2c39e90264f33305004495a9","hash":"a2677f908ff74c9555bdf4e607f959331d7de277"}
,"/Users/onurgeyik/Desktop/bibliu/src/models/author.js": {"path":"/Users/onurgeyik/Desktop/bibliu/src/models/author.js","statementMap":{"0":{"start":{"line":1,"column":0},"end":{"line":33,"column":2}},"1":{"start":{"line":2,"column":17},"end":{"line":20,"column":6}},"2":{"start":{"line":21,"column":4},"end":{"line":28,"column":6}},"3":{"start":{"line":22,"column":8},"end":{"line":24,"column":11}},"4":{"start":{"line":31,"column":4},"end":{"line":31,"column":18}}},"fnMap":{"0":{"name":"(anonymous_0)","decl":{"start":{"line":1,"column":17},"end":{"line":1,"column":18}},"loc":{"start":{"line":1,"column":43},"end":{"line":33,"column":1}},"line":1},"1":{"name":"(anonymous_1)","decl":{"start":{"line":21,"column":23},"end":{"line":21,"column":24}},"loc":{"start":{"line":21,"column":41},"end":{"line":28,"column":5}},"line":21}},"branchMap":{},"s":{"0":4,"1":4,"2":4,"3":4,"4":4},"f":{"0":4,"1":4},"b":{},"_coverageSchema":"1a1c01bbd47fc00a2c39e90264f33305004495a9","hash":"e5f45f2a582d70b3647a7ba08ec538f1f8609677"}
,"/Users/onurgeyik/Desktop/bibliu/src/models/book.js": {"path":"/Users/onurgeyik/Desktop/bibliu/src/models/book.js","statementMap":{"0":{"start":{"line":1,"column":0},"end":{"line":53,"column":2}},"1":{"start":{"line":2,"column":15},"end":{"line":42,"column":6}},"2":{"start":{"line":43,"column":4},"end":{"line":48,"column":6}},"3":{"start":{"line":44,"column":8},"end":{"line":46,"column":11}},"4":{"start":{"line":51,"column":4},"end":{"line":51,"column":16}}},"fnMap":{"0":{"name":"(anonymous_0)","decl":{"start":{"line":1,"column":17},"end":{"line":1,"column":18}},"loc":{"start":{"line":1,"column":43},"end":{"line":53,"column":1}},"line":1},"1":{"name":"(anonymous_1)","decl":{"start":{"line":43,"column":21},"end":{"line":43,"column":22}},"loc":{"start":{"line":43,"column":39},"end":{"line":48,"column":5}},"line":43}},"branchMap":{},"s":{"0":4,"1":4,"2":4,"3":4,"4":4},"f":{"0":4,"1":4},"b":{},"_coverageSchema":"1a1c01bbd47fc00a2c39e90264f33305004495a9","hash":"77d88e3ec5ceda6008d54c48e15fe6134f627910"}
,"/Users/onurgeyik/Desktop/bibliu/src/models/bookAuthor.js": {"path":"/Users/onurgeyik/Desktop/bibliu/src/models/bookAuthor.js","statementMap":{"0":{"start":{"line":1,"column":0},"end":{"line":11,"column":2}},"1":{"start":{"line":2,"column":21},"end":{"line":7,"column":6}},"2":{"start":{"line":9,"column":4},"end":{"line":9,"column":22}}},"fnMap":{"0":{"name":"(anonymous_0)","decl":{"start":{"line":1,"column":17},"end":{"line":1,"column":18}},"loc":{"start":{"line":1,"column":43},"end":{"line":11,"column":1}},"line":1}},"branchMap":{},"s":{"0":4,"1":4,"2":4},"f":{"0":4},"b":{},"_coverageSchema":"1a1c01bbd47fc00a2c39e90264f33305004495a9","hash":"509d2871082db856456b557103650511fce0a9d7"}
,"/Users/onurgeyik/Desktop/bibliu/src/models/index.js": {"path":"/Users/onurgeyik/Desktop/bibliu/src/models/index.js","statementMap":{"0":{"start":{"line":1,"column":16},"end":{"line":1,"column":29}},"1":{"start":{"line":2,"column":16},"end":{"line":2,"column":31}},"2":{"start":{"line":3,"column":16},"end":{"line":3,"column":36}},"3":{"start":{"line":4,"column":16},"end":{"line":4,"column":41}},"4":{"start":{"line":5,"column":16},"end":{"line":5,"column":53}},"5":{"start":{"line":6,"column":16},"end":{"line":6,"column":67}},"6":{"start":{"line":7,"column":16},"end":{"line":7,"column":18}},"7":{"start":{"line":10,"column":16},"end":{"line":10,"column":88}},"8":{"start":{"line":13,"column":0},"end":{"line":21,"column":5}},"9":{"start":{"line":16,"column":4},"end":{"line":16,"column":90}},"10":{"start":{"line":19,"column":16},"end":{"line":19,"column":63}},"11":{"start":{"line":20,"column":4},"end":{"line":20,"column":27}},"12":{"start":{"line":23,"column":0},"end":{"line":27,"column":3}},"13":{"start":{"line":24,"column":2},"end":{"line":26,"column":3}},"14":{"start":{"line":25,"column":4},"end":{"line":25,"column":32}},"15":{"start":{"line":29,"column":0},"end":{"line":29,"column":25}},"16":{"start":{"line":30,"column":0},"end":{"line":30,"column":25}},"17":{"start":{"line":32,"column":0},"end":{"line":32,"column":20}}},"fnMap":{"0":{"name":"(anonymous_0)","decl":{"start":{"line":15,"column":10},"end":{"line":15,"column":11}},"loc":{"start":{"line":15,"column":18},"end":{"line":17,"column":3}},"line":15},"1":{"name":"(anonymous_1)","decl":{"start":{"line":18,"column":11},"end":{"line":18,"column":12}},"loc":{"start":{"line":18,"column":19},"end":{"line":21,"column":3}},"line":18},"2":{"name":"(anonymous_2)","decl":{"start":{"line":23,"column":24},"end":{"line":23,"column":25}},"loc":{"start":{"line":23,"column":37},"end":{"line":27,"column":1}},"line":23}},"branchMap":{"0":{"loc":{"start":{"line":5,"column":16},"end":{"line":5,"column":53}},"type":"binary-expr","locations":[{"start":{"line":5,"column":16},"end":{"line":5,"column":36}},{"start":{"line":5,"column":40},"end":{"line":5,"column":53}}],"line":5},"1":{"loc":{"start":{"line":16,"column":11},"end":{"line":16,"column":89}},"type":"binary-expr","locations":[{"start":{"line":16,"column":12},"end":{"line":16,"column":35}},{"start":{"line":16,"column":41},"end":{"line":16,"column":58}},{"start":{"line":16,"column":64},"end":{"line":16,"column":88}}],"line":16},"2":{"loc":{"start":{"line":24,"column":2},"end":{"line":26,"column":3}},"type":"if","locations":[{"start":{"line":24,"column":2},"end":{"line":26,"column":3}},{"start":{"line":24,"column":2},"end":{"line":26,"column":3}}],"line":24}},"s":{"0":4,"1":4,"2":4,"3":4,"4":4,"5":4,"6":4,"7":4,"8":4,"9":16,"10":12,"11":12,"12":4,"13":12,"14":8,"15":4,"16":4,"17":4},"f":{"0":16,"1":12,"2":12},"b":{"0":[4,0],"1":[16,16,12],"2":[8,4]},"_coverageSchema":"1a1c01bbd47fc00a2c39e90264f33305004495a9","hash":"f082e0ab6a40cfdc5e7fd622ba679d82656e6760"}
,"/Users/onurgeyik/Desktop/bibliu/src/modules/author/repository.js": {"path":"/Users/onurgeyik/Desktop/bibliu/src/modules/author/repository.js","statementMap":{"0":{"start":{"line":1,"column":15},"end":{"line":1,"column":38}},"1":{"start":{"line":3,"column":0},"end":{"line":5,"column":1}},"2":{"start":{"line":10,"column":4},"end":{"line":10,"column":56}}},"fnMap":{"0":{"name":"findOrCreate","decl":{"start":{"line":9,"column":15},"end":{"line":9,"column":27}},"loc":{"start":{"line":9,"column":40},"end":{"line":11,"column":1}},"line":9}},"branchMap":{},"s":{"0":4,"1":4,"2":5},"f":{"0":5},"b":{},"_coverageSchema":"1a1c01bbd47fc00a2c39e90264f33305004495a9","hash":"69ec35a68ff3f55430c58ccca85e135f1ed8d1d4"}
,"/Users/onurgeyik/Desktop/bibliu/src/modules/author/service.js": {"path":"/Users/onurgeyik/Desktop/bibliu/src/modules/author/service.js","statementMap":{"0":{"start":{"line":1,"column":19},"end":{"line":1,"column":42}},"1":{"start":{"line":2,"column":0},"end":{"line":4,"column":1}},"2":{"start":{"line":7,"column":4},"end":{"line":10,"column":7}},"3":{"start":{"line":8,"column":8},"end":{"line":8,"column":25}},"4":{"start":{"line":9,"column":8},"end":{"line":9,"column":29}}},"fnMap":{"0":{"name":"insertAuthor","decl":{"start":{"line":6,"column":15},"end":{"line":6,"column":27}},"loc":{"start":{"line":6,"column":40},"end":{"line":11,"column":1}},"line":6},"1":{"name":"(anonymous_1)","decl":{"start":{"line":7,"column":59},"end":{"line":7,"column":60}},"loc":{"start":{"line":7,"column":66},"end":{"line":10,"column":5}},"line":7}},"branchMap":{},"s":{"0":3,"1":3,"2":5,"3":2,"4":2},"f":{"0":5,"1":2},"b":{},"_coverageSchema":"1a1c01bbd47fc00a2c39e90264f33305004495a9","hash":"368dc20a5fbfe8fe4f668ac1bfa42bdb0f18319d"}
,"/Users/onurgeyik/Desktop/bibliu/src/modules/book/repository.js": {"path":"/Users/onurgeyik/Desktop/bibliu/src/modules/book/repository.js","statementMap":{"0":{"start":{"line":1,"column":15},"end":{"line":1,"column":38}},"1":{"start":{"line":3,"column":0},"end":{"line":5,"column":1}},"2":{"start":{"line":8,"column":4},"end":{"line":8,"column":46}}},"fnMap":{"0":{"name":"create","decl":{"start":{"line":7,"column":15},"end":{"line":7,"column":21}},"loc":{"start":{"line":7,"column":32},"end":{"line":9,"column":1}},"line":7}},"branchMap":{},"s":{"0":2,"1":2,"2":3},"f":{"0":3},"b":{},"_coverageSchema":"1a1c01bbd47fc00a2c39e90264f33305004495a9","hash":"135d2295c7cf76abdbc8896135d837b65f4a8e14"}
,"/Users/onurgeyik/Desktop/bibliu/src/modules/book/service.js": {"path":"/Users/onurgeyik/Desktop/bibliu/src/modules/book/service.js","statementMap":{"0":{"start":{"line":1,"column":19},"end":{"line":1,"column":42}},"1":{"start":{"line":2,"column":22},"end":{"line":2,"column":50}},"2":{"start":{"line":4,"column":0},"end":{"line":6,"column":1}},"3":{"start":{"line":9,"column":18},"end":{"line":9,"column":34}},"4":{"start":{"line":11,"column":15},"end":{"line":15,"column":6}},"5":{"start":{"line":12,"column":8},"end":{"line":12,"column":25}},"6":{"start":{"line":14,"column":8},"end":{"line":14,"column":20}},"7":{"start":{"line":16,"column":4},"end":{"line":32,"column":5}},"8":{"start":{"line":17,"column":8},"end":{"line":30,"column":9}},"9":{"start":{"line":17,"column":18},"end":{"line":17,"column":19}},"10":{"start":{"line":18,"column":25},"end":{"line":18,"column":35}},"11":{"start":{"line":19,"column":26},"end":{"line":24,"column":13}},"12":{"start":{"line":25,"column":41},"end":{"line":28,"column":14}},"13":{"start":{"line":26,"column":16},"end":{"line":26,"column":33}},"14":{"start":{"line":27,"column":16},"end":{"line":27,"column":37}},"15":{"start":{"line":29,"column":12},"end":{"line":29,"column":46}},"16":{"start":{"line":33,"column":4},"end":{"line":33,"column":16}}},"fnMap":{"0":{"name":"insertBook","decl":{"start":{"line":8,"column":15},"end":{"line":8,"column":25}},"loc":{"start":{"line":8,"column":36},"end":{"line":34,"column":1}},"line":8},"1":{"name":"(anonymous_1)","decl":{"start":{"line":11,"column":55},"end":{"line":11,"column":56}},"loc":{"start":{"line":11,"column":62},"end":{"line":15,"column":5}},"line":11},"2":{"name":"(anonymous_2)","decl":{"start":{"line":25,"column":89},"end":{"line":25,"column":90}},"loc":{"start":{"line":25,"column":96},"end":{"line":28,"column":13}},"line":25}},"branchMap":{"0":{"loc":{"start":{"line":16,"column":4},"end":{"line":32,"column":5}},"type":"if","locations":[{"start":{"line":16,"column":4},"end":{"line":32,"column":5}},{"start":{"line":16,"column":4},"end":{"line":32,"column":5}}],"line":16}},"s":{"0":2,"1":2,"2":2,"3":3,"4":3,"5":1,"6":1,"7":3,"8":2,"9":2,"10":2,"11":2,"12":2,"13":0,"14":0,"15":2,"16":3},"f":{"0":3,"1":1,"2":0},"b":{"0":[2,1]},"_coverageSchema":"1a1c01bbd47fc00a2c39e90264f33305004495a9","hash":"5642ad6612fa14aad652e08d26a2f2cfa549e00e"}
,"/Users/onurgeyik/Desktop/bibliu/src/modules/parser/folderParser.js": {"path":"/Users/onurgeyik/Desktop/bibliu/src/modules/parser/folderParser.js","statementMap":{"0":{"start":{"line":2,"column":13},"end":{"line":2,"column":28}},"1":{"start":{"line":3,"column":11},"end":{"line":3,"column":33}},"2":{"start":{"line":4,"column":13},"end":{"line":4,"column":28}},"3":{"start":{"line":6,"column":16},"end":{"line":6,"column":42}},"4":{"start":{"line":7,"column":13},"end":{"line":7,"column":36}},"5":{"start":{"line":8,"column":0},"end":{"line":10,"column":1}},"6":{"start":{"line":13,"column":20},"end":{"line":13,"column":38}},"7":{"start":{"line":14,"column":18},"end":{"line":17,"column":7}},"8":{"start":{"line":15,"column":20},"end":{"line":15,"column":45}},"9":{"start":{"line":16,"column":8},"end":{"line":16,"column":69}},"10":{"start":{"line":18,"column":4},"end":{"line":18,"column":51}},"11":{"start":{"line":18,"column":34},"end":{"line":18,"column":45}}},"fnMap":{"0":{"name":"getFiles","decl":{"start":{"line":12,"column":15},"end":{"line":12,"column":23}},"loc":{"start":{"line":12,"column":29},"end":{"line":19,"column":1}},"line":12},"1":{"name":"(anonymous_1)","decl":{"start":{"line":14,"column":48},"end":{"line":14,"column":49}},"loc":{"start":{"line":14,"column":66},"end":{"line":17,"column":5}},"line":14},"2":{"name":"(anonymous_2)","decl":{"start":{"line":18,"column":24},"end":{"line":18,"column":25}},"loc":{"start":{"line":18,"column":34},"end":{"line":18,"column":45}},"line":18}},"branchMap":{"0":{"loc":{"start":{"line":16,"column":15},"end":{"line":16,"column":68}},"type":"cond-expr","locations":[{"start":{"line":16,"column":49},"end":{"line":16,"column":62}},{"start":{"line":16,"column":65},"end":{"line":16,"column":68}}],"line":16}},"s":{"0":1,"1":1,"2":1,"3":1,"4":1,"5":1,"6":3,"7":3,"8":2,"9":2,"10":3,"11":2},"f":{"0":3,"1":2,"2":2},"b":{"0":[1,1]},"_coverageSchema":"1a1c01bbd47fc00a2c39e90264f33305004495a9","hash":"893998bc2247efaec04ad61522f34c45f26192d4"}
,"/Users/onurgeyik/Desktop/bibliu/src/modules/parser/transformer.js": {"path":"/Users/onurgeyik/Desktop/bibliu/src/modules/parser/transformer.js","statementMap":{"0":{"start":{"line":1,"column":10},"end":{"line":1,"column":27}},"1":{"start":{"line":3,"column":0},"end":{"line":15,"column":1}},"2":{"start":{"line":18,"column":4},"end":{"line":18,"column":50}},"3":{"start":{"line":21,"column":4},"end":{"line":21,"column":41}},"4":{"start":{"line":24,"column":4},"end":{"line":24,"column":38}},"5":{"start":{"line":27,"column":4},"end":{"line":27,"column":40}},"6":{"start":{"line":30,"column":4},"end":{"line":30,"column":44}},"7":{"start":{"line":33,"column":4},"end":{"line":33,"column":42}},"8":{"start":{"line":36,"column":4},"end":{"line":36,"column":70}},"9":{"start":{"line":39,"column":4},"end":{"line":39,"column":41}},"10":{"start":{"line":42,"column":23},"end":{"line":42,"column":25}},"11":{"start":{"line":43,"column":19},"end":{"line":43,"column":53}},"12":{"start":{"line":44,"column":4},"end":{"line":47,"column":7}},"13":{"start":{"line":45,"column":23},"end":{"line":45,"column":69}},"14":{"start":{"line":46,"column":8},"end":{"line":46,"column":35}},"15":{"start":{"line":48,"column":4},"end":{"line":48,"column":24}},"16":{"start":{"line":51,"column":4},"end":{"line":51,"column":55}},"17":{"start":{"line":55,"column":4},"end":{"line":55,"column":44}},"18":{"start":{"line":60,"column":4},"end":{"line":60,"column":47}},"19":{"start":{"line":64,"column":4},"end":{"line":64,"column":42}},"20":{"start":{"line":68,"column":4},"end":{"line":71,"column":5}},"21":{"start":{"line":75,"column":23},"end":{"line":75,"column":25}},"22":{"start":{"line":76,"column":19},"end":{"line":76,"column":35}},"23":{"start":{"line":77,"column":4},"end":{"line":87,"column":5}},"24":{"start":{"line":78,"column":8},"end":{"line":82,"column":9}},"25":{"start":{"line":79,"column":12},"end":{"line":81,"column":15}},"26":{"start":{"line":80,"column":16},"end":{"line":80,"column":64}},"27":{"start":{"line":86,"column":8},"end":{"line":86,"column":57}},"28":{"start":{"line":88,"column":4},"end":{"line":88,"column":24}},"29":{"start":{"line":92,"column":15},"end":{"line":92,"column":30}},"30":{"start":{"line":93,"column":19},"end":{"line":93,"column":21}},"31":{"start":{"line":94,"column":4},"end":{"line":94,"column":30}},"32":{"start":{"line":95,"column":4},"end":{"line":95,"column":36}},"33":{"start":{"line":96,"column":4},"end":{"line":96,"column":44}},"34":{"start":{"line":97,"column":4},"end":{"line":97,"column":56}},"35":{"start":{"line":98,"column":4},"end":{"line":98,"column":42}},"36":{"start":{"line":99,"column":4},"end":{"line":99,"column":40}},"37":{"start":{"line":100,"column":4},"end":{"line":100,"column":40}},"38":{"start":{"line":101,"column":4},"end":{"line":101,"column":42}},"39":{"start":{"line":102,"column":4},"end":{"line":102,"column":20}}},"fnMap":{"0":{"name":"getBook","decl":{"start":{"line":17,"column":9},"end":{"line":17,"column":16}},"loc":{"start":{"line":17,"column":25},"end":{"line":19,"column":1}},"line":17},"1":{"name":"getId","decl":{"start":{"line":20,"column":9},"end":{"line":20,"column":14}},"loc":{"start":{"line":20,"column":20},"end":{"line":22,"column":1}},"line":20},"2":{"name":"getIdAsString","decl":{"start":{"line":23,"column":9},"end":{"line":23,"column":22}},"loc":{"start":{"line":23,"column":29},"end":{"line":25,"column":1}},"line":23},"3":{"name":"getTitle","decl":{"start":{"line":26,"column":9},"end":{"line":26,"column":17}},"loc":{"start":{"line":26,"column":24},"end":{"line":28,"column":1}},"line":26},"4":{"name":"getPublisher","decl":{"start":{"line":29,"column":9},"end":{"line":29,"column":21}},"loc":{"start":{"line":29,"column":28},"end":{"line":31,"column":1}},"line":29},"5":{"name":"getPublicationDate","decl":{"start":{"line":32,"column":9},"end":{"line":32,"column":27}},"loc":{"start":{"line":32,"column":34},"end":{"line":34,"column":1}},"line":32},"6":{"name":"getLanguage","decl":{"start":{"line":35,"column":9},"end":{"line":35,"column":20}},"loc":{"start":{"line":35,"column":27},"end":{"line":37,"column":1}},"line":35},"7":{"name":"getLicense","decl":{"start":{"line":38,"column":9},"end":{"line":38,"column":19}},"loc":{"start":{"line":38,"column":26},"end":{"line":40,"column":1}},"line":38},"8":{"name":"getSubjects","decl":{"start":{"line":41,"column":9},"end":{"line":41,"column":20}},"loc":{"start":{"line":41,"column":27},"end":{"line":49,"column":1}},"line":41},"9":{"name":"(anonymous_9)","decl":{"start":{"line":44,"column":21},"end":{"line":44,"column":22}},"loc":{"start":{"line":44,"column":35},"end":{"line":47,"column":5}},"line":44},"10":{"name":"getAuthorId","decl":{"start":{"line":50,"column":9},"end":{"line":50,"column":20}},"loc":{"start":{"line":50,"column":29},"end":{"line":52,"column":1}},"line":50},"11":{"name":"getAuthorName","decl":{"start":{"line":54,"column":9},"end":{"line":54,"column":22}},"loc":{"start":{"line":54,"column":31},"end":{"line":57,"column":1}},"line":54},"12":{"name":"getAgent","decl":{"start":{"line":59,"column":9},"end":{"line":59,"column":17}},"loc":{"start":{"line":59,"column":27},"end":{"line":61,"column":1}},"line":59},"13":{"name":"getCreator","decl":{"start":{"line":63,"column":9},"end":{"line":63,"column":19}},"loc":{"start":{"line":63,"column":26},"end":{"line":65,"column":1}},"line":63},"14":{"name":"getAuthor","decl":{"start":{"line":67,"column":9},"end":{"line":67,"column":18}},"loc":{"start":{"line":67,"column":27},"end":{"line":72,"column":1}},"line":67},"15":{"name":"getAuthors","decl":{"start":{"line":74,"column":9},"end":{"line":74,"column":19}},"loc":{"start":{"line":74,"column":26},"end":{"line":89,"column":1}},"line":74},"16":{"name":"(anonymous_16)","decl":{"start":{"line":79,"column":29},"end":{"line":79,"column":30}},"loc":{"start":{"line":79,"column":40},"end":{"line":81,"column":13}},"line":79},"17":{"name":"getBookData","decl":{"start":{"line":91,"column":9},"end":{"line":91,"column":20}},"loc":{"start":{"line":91,"column":29},"end":{"line":103,"column":1}},"line":91}},"branchMap":{"0":{"loc":{"start":{"line":77,"column":4},"end":{"line":87,"column":5}},"type":"if","locations":[{"start":{"line":77,"column":4},"end":{"line":87,"column":5}},{"start":{"line":77,"column":4},"end":{"line":87,"column":5}}],"line":77},"1":{"loc":{"start":{"line":78,"column":8},"end":{"line":82,"column":9}},"type":"if","locations":[{"start":{"line":78,"column":8},"end":{"line":82,"column":9}},{"start":{"line":78,"column":8},"end":{"line":82,"column":9}}],"line":78}},"s":{"0":1,"1":1,"2":4,"3":2,"4":2,"5":3,"6":2,"7":2,"8":2,"9":2,"10":2,"11":2,"12":2,"13":8,"14":8,"15":2,"16":3,"17":3,"18":5,"19":2,"20":3,"21":2,"22":2,"23":2,"24":1,"25":1,"26":2,"27":1,"28":2,"29":2,"30":2,"31":2,"32":2,"33":2,"34":2,"35":2,"36":2,"37":2,"38":2,"39":2},"f":{"0":4,"1":2,"2":2,"3":3,"4":2,"5":2,"6":2,"7":2,"8":2,"9":8,"10":3,"11":3,"12":5,"13":2,"14":3,"15":2,"16":2,"17":2},"b":{"0":[1,1],"1":[1,0]},"_coverageSchema":"1a1c01bbd47fc00a2c39e90264f33305004495a9","hash":"fa56abf1272887fad384f9958086fbc701c1611e"}
,"/Users/onurgeyik/Desktop/bibliu/tests/mocks/mock1.js": {"path":"/Users/onurgeyik/Desktop/bibliu/tests/mocks/mock1.js","statementMap":{"0":{"start":{"line":1,"column":0},"end":{"line":777,"column":3}}},"fnMap":{},"branchMap":{},"s":{"0":1},"f":{},"b":{},"_coverageSchema":"1a1c01bbd47fc00a2c39e90264f33305004495a9","hash":"9b9aa954010ff69246356caaf8d4578d1f703d5d"}
,"/Users/onurgeyik/Desktop/bibliu/tests/mocks/mock2.js": {"path":"/Users/onurgeyik/Desktop/bibliu/tests/mocks/mock2.js","statementMap":{"0":{"start":{"line":1,"column":0},"end":{"line":750,"column":3}}},"fnMap":{},"branchMap":{},"s":{"0":1},"f":{},"b":{},"_coverageSchema":"1a1c01bbd47fc00a2c39e90264f33305004495a9","hash":"29b502a337724b3afcd28d41021dbcb9553f90a5"}
,"/Users/onurgeyik/Desktop/bibliu/tests/mocks/mockEbook.js": {"path":"/Users/onurgeyik/Desktop/bibliu/tests/mocks/mockEbook.js","statementMap":{"0":{"start":{"line":1,"column":0},"end":{"line":747,"column":3}}},"fnMap":{},"branchMap":{},"s":{"0":1},"f":{},"b":{},"_coverageSchema":"1a1c01bbd47fc00a2c39e90264f33305004495a9","hash":"92c0dd64ceda40f48331ca197a4cf2cd217c5845"}
}
