TN:
SF:src/config/config.js
FNF:0
FNH:0
DA:1,4
LF:1
LH:1
BRF:0
BRH:0
end_of_record
TN:
SF:src/models/author.js
FN:1,(anonymous_0)
FN:21,(anonymous_1)
FNF:2
FNH:2
FNDA:4,(anonymous_0)
FNDA:4,(anonymous_1)
DA:1,4
DA:2,4
DA:21,4
DA:22,4
DA:31,4
LF:5
LH:5
BRF:0
BRH:0
end_of_record
TN:
SF:src/models/book.js
FN:1,(anonymous_0)
FN:43,(anonymous_1)
FNF:2
FNH:2
FNDA:4,(anonymous_0)
FNDA:4,(anonymous_1)
DA:1,4
DA:2,4
DA:43,4
DA:44,4
DA:51,4
LF:5
LH:5
BRF:0
BRH:0
end_of_record
TN:
SF:src/models/bookAuthor.js
FN:1,(anonymous_0)
FNF:1
FNH:1
FNDA:4,(anonymous_0)
DA:1,4
DA:2,4
DA:9,4
LF:3
LH:3
BRF:0
BRH:0
end_of_record
TN:
SF:src/models/index.js
FN:15,(anonymous_0)
FN:18,(anonymous_1)
FN:23,(anonymous_2)
FNF:3
FNH:3
FNDA:16,(anonymous_0)
FNDA:12,(anonymous_1)
FNDA:12,(anonymous_2)
DA:1,4
DA:2,4
DA:3,4
DA:4,4
DA:5,4
DA:6,4
DA:7,4
DA:10,4
DA:13,4
DA:16,16
DA:19,12
DA:20,12
DA:23,4
DA:24,12
DA:25,8
DA:29,4
DA:30,4
DA:32,4
LF:18
LH:18
BRDA:5,0,0,4
BRDA:5,0,1,0
BRDA:16,1,0,16
BRDA:16,1,1,16
BRDA:16,1,2,12
BRDA:24,2,0,8
BRDA:24,2,1,4
BRF:7
BRH:6
end_of_record
TN:
SF:src/modules/author/repository.js
FN:9,findOrCreate
FNF:1
FNH:1
FNDA:5,findOrCreate
DA:1,4
DA:3,4
DA:10,5
LF:3
LH:3
BRF:0
BRH:0
end_of_record
TN:
SF:src/modules/author/service.js
FN:6,insertAuthor
FN:7,(anonymous_1)
FNF:2
FNH:2
FNDA:5,insertAuthor
FNDA:2,(anonymous_1)
DA:1,3
DA:2,3
DA:7,5
DA:8,2
DA:9,2
LF:5
LH:5
BRF:0
BRH:0
end_of_record
TN:
SF:src/modules/book/repository.js
FN:7,create
FNF:1
FNH:1
FNDA:3,create
DA:1,2
DA:3,2
DA:8,3
LF:3
LH:3
BRF:0
BRH:0
end_of_record
TN:
SF:src/modules/book/service.js
FN:8,insertBook
FN:11,(anonymous_1)
FN:25,(anonymous_2)
FNF:3
FNH:2
FNDA:3,insertBook
FNDA:1,(anonymous_1)
FNDA:0,(anonymous_2)
DA:1,2
DA:2,2
DA:4,2
DA:9,3
DA:11,3
DA:12,1
DA:14,1
DA:16,3
DA:17,2
DA:18,2
DA:19,2
DA:25,2
DA:26,0
DA:27,0
DA:29,2
DA:33,3
LF:16
LH:14
BRDA:16,0,0,2
BRDA:16,0,1,1
BRF:2
BRH:2
end_of_record
TN:
SF:src/modules/parser/folderParser.js
FN:12,getFiles
FN:14,(anonymous_1)
FN:18,(anonymous_2)
FNF:3
FNH:3
FNDA:3,getFiles
FNDA:2,(anonymous_1)
FNDA:2,(anonymous_2)
DA:2,1
DA:3,1
DA:4,1
DA:6,1
DA:7,1
DA:8,1
DA:13,3
DA:14,3
DA:15,2
DA:16,2
DA:18,3
LF:11
LH:11
BRDA:16,0,0,1
BRDA:16,0,1,1
BRF:2
BRH:2
end_of_record
TN:
SF:src/modules/parser/transformer.js
FN:17,getBook
FN:20,getId
FN:23,getIdAsString
FN:26,getTitle
FN:29,getPublisher
FN:32,getPublicationDate
FN:35,getLanguage
FN:38,getLicense
FN:41,getSubjects
FN:44,(anonymous_9)
FN:50,getAuthorId
FN:54,getAuthorName
FN:59,getAgent
FN:63,getCreator
FN:67,getAuthor
FN:74,getAuthors
FN:79,(anonymous_16)
FN:91,getBookData
FNF:18
FNH:18
FNDA:4,getBook
FNDA:2,getId
FNDA:2,getIdAsString
FNDA:3,getTitle
FNDA:2,getPublisher
FNDA:2,getPublicationDate
FNDA:2,getLanguage
FNDA:2,getLicense
FNDA:2,getSubjects
FNDA:8,(anonymous_9)
FNDA:3,getAuthorId
FNDA:3,getAuthorName
FNDA:5,getAgent
FNDA:2,getCreator
FNDA:3,getAuthor
FNDA:2,getAuthors
FNDA:2,(anonymous_16)
FNDA:2,getBookData
DA:1,1
DA:3,1
DA:18,4
DA:21,2
DA:24,2
DA:27,3
DA:30,2
DA:33,2
DA:36,2
DA:39,2
DA:42,2
DA:43,2
DA:44,2
DA:45,8
DA:46,8
DA:48,2
DA:51,3
DA:55,3
DA:60,5
DA:64,2
DA:68,3
DA:75,2
DA:76,2
DA:77,2
DA:78,1
DA:79,1
DA:80,2
DA:86,1
DA:88,2
DA:92,2
DA:93,2
DA:94,2
DA:95,2
DA:96,2
DA:97,2
DA:98,2
DA:99,2
DA:100,2
DA:101,2
DA:102,2
LF:40
LH:40
BRDA:77,0,0,1
BRDA:77,0,1,1
BRDA:78,1,0,1
BRDA:78,1,1,0
BRF:4
BRH:3
end_of_record
TN:
SF:tests/mocks/mock1.js
FNF:0
FNH:0
DA:1,1
LF:1
LH:1
BRF:0
BRH:0
end_of_record
TN:
SF:tests/mocks/mock2.js
FNF:0
FNH:0
DA:1,1
LF:1
LH:1
BRF:0
BRH:0
end_of_record
TN:
SF:tests/mocks/mockEbook.js
FNF:0
FNH:0
DA:1,1
LF:1
LH:1
BRF:0
BRH:0
end_of_record
